        -:    0:Source:/run/media/mahakal108/Servers/Skills/C Langagues/Projects/DigitalClock/Src/Banner.cpp
        -:    0:Graph:../Obj/Banner.gcno
        -:    0:Data:../Obj/Banner.gcda
        -:    0:Runs:1
        -:    1:#include "Banner.hpp"
        -:    2:
        -:    3:#include <sstream>
        -:    4:
        -:    5:namespace
        -:    6:{
        -:    7:    /** Artwork used when no banner resource can be loaded. */
        -:    8:    const char *const DEFAULT_BANNER =
        -:    9:        "============================================================\n"
        -:   10:        "                 DIGITAL CLOCK SYSTEM\n"
        -:   11:        "============================================================";
        -:   12:}
        -:   13:
       35:   14:Banner::Banner()
       70:   15:    : text(DEFAULT_BANNER),
       35:   16:      visible(true)
        -:   17:{
       35:   18:}
        -:   19:
       28:   20:bool Banner::load(const std::string &fileName)
        -:   21:{
       28:   22:    if (!resources.load(fileName))
        1:   23:        return false;
        -:   24:
       27:   25:    const std::string loaded = resources.getContent();
        -:   26:
        -:   27:    // An empty file is treated as a missing one so the header is never blank.
       27:   28:    if (loaded.empty())
        1:   29:        return false;
        -:   30:
       26:   31:    text = loaded;
        -:   32:
       26:   33:    return true;
       27:   34:}
        -:   35:
      196:   36:void Banner::show()
        -:   37:{
      196:   38:    visible = true;
      196:   39:}
        -:   40:
        2:   41:void Banner::hide()
        -:   42:{
        2:   43:    visible = false;
        2:   44:}
        -:   45:
      176:   46:bool Banner::isVisible() const
        -:   47:{
      176:   48:    return visible;
        -:   49:}
        -:   50:
       11:   51:std::string Banner::content() const
        -:   52:{
       11:   53:    if (!visible)
        2:   54:        return "";
        -:   55:
       10:   56:    return text;
        -:   57:}
        -:   58:
      348:   59:std::vector<std::string> Banner::lines() const
        -:   60:{
      348:   61:    std::vector<std::string> result;
        -:   62:
      348:   63:    if (!visible)
        2:   64:        return result;
        -:   65:
      346:   66:    std::istringstream stream(text);
      346:   67:    std::string line;
        -:   68:
     2372:   69:    while (std::getline(stream, line))
        -:   70:    {
        -:   71:        // Tolerate resource files saved with Windows line endings.
     2026:   72:        if (!line.empty() && line.back() == '\r')
        4:   73:            line.pop_back();
        -:   74:
     2026:   75:        result.push_back(line);
        -:   76:    }
        -:   77:
      348:   78:    while (!result.empty() && result.back().empty())
        2:   79:        result.pop_back();
        -:   80:
      346:   81:    return result;
      346:   82:}
        -:   83:
      172:   84:std::size_t Banner::lineCount() const
        -:   85:{
      172:   86:    return lines().size();
        -:   87:}
        -:   88:
        2:   89:void Banner::reset()
        -:   90:{
        2:   91:    text = DEFAULT_BANNER;
        2:   92:    visible = true;
        2:   93:}
