        -:    0:Source:/run/media/mahakal108/Servers/Skills/C Langagues/Projects/DigitalClock/Src/Utility.cpp
        -:    0:Graph:../Obj/Utility.gcno
        -:    0:Data:../Obj/Utility.gcda
        -:    0:Runs:1
        -:    1:#include "Utility.hpp"
        -:    2:
        -:    3:#include <algorithm>
        -:    4:#include <cctype>
        -:    5:#include <chrono>
        -:    6:#include <cstdlib>
        -:    7:#include <ctime>
        -:    8:#include <fstream>
        -:    9:#include <iomanip>
        -:   10:#include <sstream>
        -:   11:
        -:   12:namespace
        -:   13:{
        -:   14:    /** Characters treated as whitespace by Utility::trim(). */
        -:   15:    const char *const WHITESPACE = " \t\n\r\f\v";
        -:   16:}
        -:   17:
     9354:   18:std::string Utility::trim(const std::string &text)
        -:   19:{
     9354:   20:    const std::size_t first = text.find_first_not_of(WHITESPACE);
        -:   21:
     9354:   22:    if (first == std::string::npos)
      498:   23:        return "";
        -:   24:
     9105:   25:    const std::size_t last = text.find_last_not_of(WHITESPACE);
        -:   26:
     9105:   27:    return text.substr(first, last - first + 1);
        -:   28:}
        -:   29:
     4603:   30:std::string Utility::toUpper(const std::string &text)
        -:   31:{
     4603:   32:    std::string result = text;
        -:   33:
     4603:   34:    std::transform(
        -:   35:        result.begin(),
        -:   36:        result.end(),
        -:   37:        result.begin(),
    31955:   38:        [](unsigned char c)
    31955:   39:        { return static_cast<char>(std::toupper(c)); });
        -:   40:
     4603:   41:    return result;
        -:   42:}
        -:   43:
      144:   44:std::string Utility::toLower(const std::string &text)
        -:   45:{
      144:   46:    std::string result = text;
        -:   47:
      144:   48:    std::transform(
        -:   49:        result.begin(),
        -:   50:        result.end(),
        -:   51:        result.begin(),
      819:   52:        [](unsigned char c)
      819:   53:        { return static_cast<char>(std::tolower(c)); });
        -:   54:
      144:   55:    return result;
        -:   56:}
        -:   57:
        3:   58:bool Utility::fileExists(const std::string &path)
        -:   59:{
        3:   60:    if (path.empty())
        1:   61:        return false;
        -:   62:
        2:   63:    std::ifstream file(path);
        -:   64:
        2:   65:    return file.good();
        2:   66:}
        -:   67:
      384:   68:std::string Utility::currentDateTime()
        -:   69:{
      384:   70:    const auto now = std::chrono::system_clock::now();
      384:   71:    const std::time_t raw = std::chrono::system_clock::to_time_t(now);
        -:   72:
      384:   73:    std::tm local{};
        -:   74:
        -:   75:#ifdef _WIN32
        -:   76:    localtime_s(&local, &raw);
        -:   77:#else
      384:   78:    localtime_r(&raw, &local);
        -:   79:#endif
        -:   80:
      384:   81:    std::ostringstream out;
      384:   82:    out << std::put_time(&local, "%Y-%m-%d %H:%M:%S");
        -:   83:
      768:   84:    return out.str();
      384:   85:}
        -:   86:
      933:   87:std::string Utility::padZero(int value, int width)
        -:   88:{
      933:   89:    std::ostringstream out;
        -:   90:
        -:   91:    out << std::setw(width)
      933:   92:        << std::setfill('0')
      933:   93:        << value;
        -:   94:
     1866:   95:    return out.str();
      933:   96:}
        -:   97:
      359:   98:std::string Utility::center(const std::string &text, int width)
        -:   99:{
      359:  100:    const int length = static_cast<int>(text.size());
        -:  101:
      359:  102:    if (length >= width)
        2:  103:        return text;
        -:  104:
      357:  105:    const int padding = (width - length) / 2;
        -:  106:
     1071:  107:    return std::string(static_cast<std::size_t>(padding), ' ') + text;
        -:  108:}
        -:  109:
       66:  110:bool Utility::toBool(const std::string &text, bool defaultValue)
        -:  111:{
       66:  112:    const std::string value = toLower(trim(text));
        -:  113:
      125:  114:    if (value == "true" || value == "yes" || value == "on" ||
      125:  115:        value == "enabled" || value == "1")
        -:  116:    {
       20:  117:        return true;
        -:  118:    }
        -:  119:
       71:  120:    if (value == "false" || value == "no" || value == "off" ||
       71:  121:        value == "disabled" || value == "0")
        -:  122:    {
       44:  123:        return false;
        -:  124:    }
        -:  125:
        2:  126:    return defaultValue;
       66:  127:}
        -:  128:
      234:  129:int Utility::toInt(const std::string &text, int defaultValue)
        -:  130:{
      234:  131:    const std::string value = trim(text);
        -:  132:
      234:  133:    if (value.empty())
        1:  134:        return defaultValue;
        -:  135:
        -:  136:    try
        -:  137:    {
      233:  138:        std::size_t consumed = 0;
      233:  139:        const int parsed = std::stoi(value, &consumed);
        -:  140:
        -:  141:        // Reject trailing garbage such as "100abc".
      226:  142:        if (consumed != value.size())
        1:  143:            return defaultValue;
        -:  144:
      225:  145:        return parsed;
        -:  146:    }
        7:  147:    catch (...)
        -:  148:    {
        7:  149:        return defaultValue;
        7:  150:    }
      234:  151:}
        -:  152:
       59:  153:bool Utility::environment(const std::string &name, std::string &value)
        -:  154:{
       59:  155:    value.clear();
        -:  156:
       59:  157:    if (name.empty())
        2:  158:        return false;
        -:  159:
        -:  160:#ifdef _WIN32
        -:  161:    /*
        -:  162:    _dupenv_s allocates, and returns 0 with a null buffer when the variable
        -:  163:    is not set -- so a zero return is not by itself proof that it exists.
        -:  164:    */
        -:  165:    char *buffer = nullptr;
        -:  166:    std::size_t length = 0;
        -:  167:
        -:  168:    if (_dupenv_s(&buffer, &length, name.c_str()) != 0)
        -:  169:        return false;
        -:  170:
        -:  171:    if (buffer == nullptr)
        -:  172:        return false;
        -:  173:
        -:  174:    // length counts the terminator; assigning from the pointer avoids
        -:  175:    // carrying it into the string.
        -:  176:    value.assign(buffer);
        -:  177:
        -:  178:    std::free(buffer);
        -:  179:
        -:  180:    return true;
        -:  181:#else
       57:  182:    const char *found = std::getenv(name.c_str());
        -:  183:
       57:  184:    if (found == nullptr)
       34:  185:        return false;
        -:  186:
       23:  187:    value.assign(found);
        -:  188:
       23:  189:    return true;
        -:  190:#endif
        -:  191:}
        -:  192:
       37:  193:bool Utility::hasEnvironment(const std::string &name)
        -:  194:{
       37:  195:    std::string ignored;
        -:  196:
       74:  197:    return environment(name, ignored);
       37:  198:}
